<?xml version="1.0" encoding="UTF-8"?>
<testng-results ignored="0" total="5" passed="5" failed="0" skipped="0">
  <reporter-output>
  </reporter-output>
  <suite started-at="2023-12-08T11:48:37 IST" name="Default suite" finished-at="2023-12-08T11:48:48 IST" duration-ms="10689">
    <groups>
    </groups>
    <test started-at="2023-12-08T11:48:37 IST" name="Default test" finished-at="2023-12-08T11:48:48 IST" duration-ms="10689">
      <class name="testNGAnnotations_Flags.ActiTimetestdata">
        <test-method signature="invalidLoginMethod(java.lang.String,java.lang.String)[pri:0, instance:testNGAnnotations_Flags.ActiTimetestdata@428640fa]" started-at="2023-12-08T11:48:38 IST" name="invalidLoginMethod" data-provider="TestData" finished-at="2023-12-08T11:48:41 IST" duration-ms="3956" status="PASS">
          <params>
            <param index="0">
              <value>
                <![CDATA[ad_min]]>
              </value>
            </param>
            <param index="1">
              <value>
                <![CDATA[mana_ger]]>
              </value>
            </param>
          </params>
          <reporter-output>
          </reporter-output>
        </test-method> <!-- invalidLoginMethod -->
        <test-method signature="invalidLoginMethod(java.lang.String,java.lang.String)[pri:0, instance:testNGAnnotations_Flags.ActiTimetestdata@428640fa]" started-at="2023-12-08T11:48:41 IST" name="invalidLoginMethod" data-provider="TestData" finished-at="2023-12-08T11:48:43 IST" duration-ms="1562" status="PASS">
          <params>
            <param index="0">
              <value>
                <![CDATA[admin]]>
              </value>
            </param>
            <param index="1">
              <value>
                <![CDATA[mana_ger1]]>
              </value>
            </param>
          </params>
          <reporter-output>
          </reporter-output>
        </test-method> <!-- invalidLoginMethod -->
        <test-method signature="invalidLoginMethod(java.lang.String,java.lang.String)[pri:0, instance:testNGAnnotations_Flags.ActiTimetestdata@428640fa]" started-at="2023-12-08T11:48:43 IST" name="invalidLoginMethod" data-provider="TestData" finished-at="2023-12-08T11:48:45 IST" duration-ms="1704" status="PASS">
          <params>
            <param index="0">
              <value>
                <![CDATA[ad_min2]]>
              </value>
            </param>
            <param index="1">
              <value>
                <![CDATA[mana_ger2]]>
              </value>
            </param>
          </params>
          <reporter-output>
          </reporter-output>
        </test-method> <!-- invalidLoginMethod -->
        <test-method signature="invalidLoginMethod(java.lang.String,java.lang.String)[pri:0, instance:testNGAnnotations_Flags.ActiTimetestdata@428640fa]" started-at="2023-12-08T11:48:45 IST" name="invalidLoginMethod" data-provider="TestData" finished-at="2023-12-08T11:48:46 IST" duration-ms="1737" status="PASS">
          <params>
            <param index="0">
              <value>
                <![CDATA[ad_min3]]>
              </value>
            </param>
            <param index="1">
              <value>
                <![CDATA[mana_ger3]]>
              </value>
            </param>
          </params>
          <reporter-output>
          </reporter-output>
        </test-method> <!-- invalidLoginMethod -->
        <test-method signature="invalidLoginMethod(java.lang.String,java.lang.String)[pri:0, instance:testNGAnnotations_Flags.ActiTimetestdata@428640fa]" started-at="2023-12-08T11:48:46 IST" name="invalidLoginMethod" data-provider="TestData" finished-at="2023-12-08T11:48:48 IST" duration-ms="1652" status="PASS">
          <params>
            <param index="0">
              <value>
                <![CDATA[ad_min4]]>
              </value>
            </param>
            <param index="1">
              <value>
                <![CDATA[mana_ger4]]>
              </value>
            </param>
          </params>
          <reporter-output>
          </reporter-output>
        </test-method> <!-- invalidLoginMethod -->
      </class> <!-- testNGAnnotations_Flags.ActiTimetestdata -->
    </test> <!-- Default test -->
  </suite> <!-- Default suite -->
</testng-results>
