<?xml version="1.0" encoding="UTF-8"?>
<!-- Generated by org.testng.reporters.JUnitXMLReporter -->
<testsuite ignored="0" hostname="KomalMane" failures="0" tests="5" name="Default test" time="10.689" errors="0" timestamp="2023-12-08T11:48:48 IST">
  <testcase classname="testNGAnnotations_Flags.ActiTimetestdata" name="invalidLoginMethod" time="3.956"/>
  <testcase classname="testNGAnnotations_Flags.ActiTimetestdata" name="invalidLoginMethod" time="1.562"/>
  <testcase classname="testNGAnnotations_Flags.ActiTimetestdata" name="invalidLoginMethod" time="1.704"/>
  <testcase classname="testNGAnnotations_Flags.ActiTimetestdata" name="invalidLoginMethod" time="1.737"/>
  <testcase classname="testNGAnnotations_Flags.ActiTimetestdata" name="invalidLoginMethod" time="1.652"/>
</testsuite> <!-- Default test -->
