<?xml version="1.0" encoding="UTF-8"?>
<!-- Generated by org.testng.reporters.JUnitXMLReporter -->
<testsuite ignored="0" hostname="KomalMane" failures="1" tests="6" name="TestNGfail" time="0.085" errors="0" timestamp="2023-11-29T12:01:08 IST">
  <testcase classname="testNGExecutionPackage.Test3" name="metod1" time="0.009"/>
  <testcase classname="testNGExecutionPackage.Test3" name="metod2" time="0.003"/>
  <testcase classname="testNGExecutionPackage.Test2" name="metod1" time="0.002"/>
  <testcase classname="testNGExecutionPackage.Test2" name="metod2" time="0.002">
    <failure type="java.lang.ArithmeticException" message="/ by zero">
      <![CDATA[java.lang.ArithmeticException: / by zero
at testNGExecutionPackage.Test2.metod2(Test2.java:19)
at java.base/java.util.ArrayList.forEach(ArrayList.java:1511)
... Removed 27 stack frames]]>
    </failure>
  </testcase> <!-- metod2 -->
  <testcase classname="testNGExecutionPackage.Test1" name="metod1" time="0.002"/>
  <testcase classname="testNGExecutionPackage.Test1" name="metod2" time="0.001"/>
</testsuite> <!-- TestNGfail -->
