<?xml version="1.0" encoding="UTF-8"?>
<!-- Generated by org.testng.reporters.JUnitXMLReporter -->
<testsuite ignored="0" hostname="KomalMane" failures="0" tests="6" name="TestNGclass" time="0.077" errors="0" timestamp="2023-11-29T11:55:48 IST">
  <testcase classname="testNGExecutionPackage.Test3" name="metod1" time="0.009"/>
  <testcase classname="testNGExecutionPackage.Test3" name="metod2" time="0.001"/>
  <testcase classname="testNGExecutionPackage.Test2" name="metod1" time="0.002"/>
  <testcase classname="testNGExecutionPackage.Test2" name="metod2" time="0.002"/>
  <testcase classname="testNGExecutionPackage.Test1" name="metod1" time="0.001"/>
  <testcase classname="testNGExecutionPackage.Test1" name="metod2" time="0.002"/>
</testsuite> <!-- TestNGclass -->
