<?xml version="1.0" encoding="UTF-8"?>
<!-- Generated by org.testng.reporters.JUnitXMLReporter -->
<testsuite ignored="0" hostname="KomalMane" failures="0" tests="6" name="Test" time="0.069" errors="0" timestamp="2023-11-28T12:28:22 IST">
  <testcase classname="testNGPackage.Demo" name="method1" time="0.009"/>
  <testcase classname="testNGPackage.Demo" name="method2" time="0.002"/>
  <testcase classname="testNGPackage.Remo" name="method1" time="0.001"/>
  <testcase classname="testNGPackage.Remo" name="method2" time="0.001"/>
  <testcase classname="testNGPackage.Sumo" name="method1" time="0.002"/>
  <testcase classname="testNGPackage.Sumo" name="method2" time="0.001"/>
</testsuite> <!-- Test -->
